Arguments: 
  C:\Program Files\nodejs\node.exe C:\Users\dillo\.node\corepack\yarn\1.22.15\bin\yarn.js add @types/nodw

PATH: 
  C:\WINDOWS\system32;C:\WINDOWS;C:\WINDOWS\System32\Wbem;C:\WINDOWS\System32\WindowsPowerShell\v1.0\;C:\WINDOWS\System32\OpenSSH\;C:\Program Files\nodejs\;C:\Program Files (x86)\PuTTY\;C:\Program Files (x86)\Git\cmd;C:\Program Files (x86)\QuickTime\QTSystem\;C:\Users\dillo\AppData\Local\Microsoft\WindowsApps;C:\Users\dillo\AppData\Local\Programs\Microsoft VS Code\bin;C:\Users\dillo\AppData\Roaming\npm;C:\Users\dillo\AppData\Local\GitHubDesktop\bin;

Yarn version: 
  1.22.15

Node version: 
  16.16.0

Platform: 
  win32 x64

Trace: 
  Error: https://registry.yarnpkg.com/@types%2fnodw: Not found
      at Request.params.callback [as _callback] (C:\Users\dillo\.node\corepack\yarn\1.22.15\lib\cli.js:66140:18)
      at Request.self.callback (C:\Users\dillo\.node\corepack\yarn\1.22.15\lib\cli.js:140885:22)
      at Request.emit (node:events:527:28)
      at Request.<anonymous> (C:\Users\dillo\.node\corepack\yarn\1.22.15\lib\cli.js:141857:10)
      at Request.emit (node:events:527:28)
      at IncomingMessage.<anonymous> (C:\Users\dillo\.node\corepack\yarn\1.22.15\lib\cli.js:141779:12)
      at Object.onceWrapper (node:events:641:28)
      at IncomingMessage.emit (node:events:539:35)
      at endReadableNT (node:internal/streams/readable:1345:12)
      at processTicksAndRejections (node:internal/process/task_queues:83:21)

npm manifest: 
  {
    "name": "idk",
    "version": "1.0.0",
    "description": "",
    "main": "build/libs/index.js",
    "scripts": {
      "test": "node build/test/test.js",
      "build": "tsc --build"
    },
    "repository": {
      "type": "git",
      "url": "git+https://github.com/Drxckzyz/idk.git"
    },
    "keywords": [],
    "author": "",
    "license": "ISC",
    "bugs": {
      "url": "https://github.com/Drxckzyz/idk/issues"
    },
    "homepage": "https://github.com/Drxckzyz/idk#readme",
    "devDependencies": {
      "typescript": "^4.5.5"
    },
    "dependencies": {
      "discord-api-types": "^0.37.26",
      "fs": "^0.0.1-security"
    }
  }

yarn manifest: 
  No manifest

Lockfile: 
  # THIS IS AN AUTOGENERATED FILE. DO NOT EDIT THIS FILE DIRECTLY.
  # yarn lockfile v1
  
  
  discord-api-types@^0.37.26:
    version "0.37.26"
    resolved "https://registry.yarnpkg.com/discord-api-types/-/discord-api-types-0.37.26.tgz#1bae81c294b18dffc76b40730a9b48ed7789b8a9"
    integrity sha512-xZT6qosExE1ziBgD8vYU2R2aQQKOrSYWI6AFq5CiYhQtwR+Nkt9gPA3v9kHj2RFnsWDI2AbtESiQ4Rrhsa06+Q==
  
  fs@^0.0.1-security:
    version "0.0.1-security"
    resolved "https://registry.yarnpkg.com/fs/-/fs-0.0.1-security.tgz#8a7bd37186b6dddf3813f23858b57ecaaf5e41d4"
    integrity sha512-3XY9e1pP0CVEUCdj5BmfIZxRBTSDycnbqhIOGec9QYtmVH2fbLpj86CFWkrNOkt/Fvty4KZG5lTglL9j/gJ87w==
  
  typescript@^4.5.5:
    version "4.5.5"
    resolved "https://registry.yarnpkg.com/typescript/-/typescript-4.5.5.tgz#d8c953832d28924a9e3d37c73d729c846c5896f3"
    integrity sha512-TCTIul70LyWe6IJWT8QSYeA54WQe8EjQFU4wY52Fasj5UKx88LNYKCgBEHcOMOrFF1rKGbD8v/xcNWVUq9SymA==
